2023-07-20 08:09:01.613581: W tensorflow/core/framework/op_kernel.cc:1755] Unknown: AssertionError:
Arrays are not equal

not equal where = (array([0, 1]),)
not equal lhs = array([None, None], dtype=object)
not equal rhs = array([3, 3])
Mismatched elements: 2 / 2 (100%)
 x: array([None, None], dtype=object)
 y: array([3, 3])
Traceback (most recent call last):

  File "/root/.local/lib/python3.8/site-packages/tensorflow/python/ops/script_ops.py", line 249, in __call__
    ret = func(*args)

  File "/root/.local/lib/python3.8/site-packages/tensorflow/python/autograph/impl/api.py", line 645, in wrapper
    return func(*args, **kwargs)

  File "/root/.local/lib/python3.8/site-packages/tensorflow/python/framework/test_util.py", line 1266, in inner_f
    return f(*my_args, **kwds)

  File "/root/.local/lib/python3.8/site-packages/tensorflow/python/framework/test_util.py", line 2881, in assertAllEqual
    np.testing.assert_array_equal(a, b, err_msg="\n".join(msgs))

  File "/root/anaconda3/envs/tf-48900-buggy/lib/python3.8/site-packages/numpy/testing/_private/utils.py", line 930, in assert_array_equal
    assert_array_compare(operator.__eq__, x, y, err_msg=err_msg,

  File "/root/anaconda3/envs/tf-48900-buggy/lib/python3.8/site-packages/numpy/testing/_private/utils.py", line 840, in assert_array_compare
    raise AssertionError(msg)

AssertionError: 
Arrays are not equal

not equal where = (array([0, 1]),)
not equal lhs = array([None, None], dtype=object)
not equal rhs = array([3, 3])
Mismatched elements: 2 / 2 (100%)
 x: array([None, None], dtype=object)
 y: array([3, 3])


Traceback (most recent call last):
  File "./Result/tf-48900/tf-48900-original.py", line 36, in <module>
    testClass.testEmbeddingLookupGradientsHaveKnownShape()
  File "./Result/tf-48900/tf-48900-original.py", line 32, in testEmbeddingLookupGradientsHaveKnownShape
    self.evaluate(concrete_call())
  File "/root/.local/lib/python3.8/site-packages/tensorflow/python/eager/function.py", line 1711, in __call__
    return self._call_impl(args, kwargs)
  File "/root/.local/lib/python3.8/site-packages/tensorflow/python/eager/function.py", line 1720, in _call_impl
    return self._call_with_structured_signature(args, kwargs,
  File "/root/.local/lib/python3.8/site-packages/tensorflow/python/eager/function.py", line 1801, in _call_with_structured_signature
    return self._call_flat(
  File "/root/.local/lib/python3.8/site-packages/tensorflow/python/eager/function.py", line 1960, in _call_flat
    return self._build_call_outputs(self._inference_function.call(
  File "/root/.local/lib/python3.8/site-packages/tensorflow/python/eager/function.py", line 591, in call
    outputs = execute.execute(
  File "/root/.local/lib/python3.8/site-packages/tensorflow/python/eager/execute.py", line 59, in quick_execute
    tensors = pywrap_tfe.TFE_Py_Execute(ctx._handle, device_name, op_name,
tensorflow.python.framework.errors_impl.UnknownError:  AssertionError: 
Arrays are not equal

not equal where = (array([0, 1]),)
not equal lhs = array([None, None], dtype=object)
not equal rhs = array([3, 3])
Mismatched elements: 2 / 2 (100%)
 x: array([None, None], dtype=object)
 y: array([3, 3])
Traceback (most recent call last):

  File "/root/.local/lib/python3.8/site-packages/tensorflow/python/ops/script_ops.py", line 249, in __call__
    ret = func(*args)

  File "/root/.local/lib/python3.8/site-packages/tensorflow/python/autograph/impl/api.py", line 645, in wrapper
    return func(*args, **kwargs)

  File "/root/.local/lib/python3.8/site-packages/tensorflow/python/framework/test_util.py", line 1266, in inner_f
    return f(*my_args, **kwds)

  File "/root/.local/lib/python3.8/site-packages/tensorflow/python/framework/test_util.py", line 2881, in assertAllEqual
    np.testing.assert_array_equal(a, b, err_msg="\n".join(msgs))

  File "/root/anaconda3/envs/tf-48900-buggy/lib/python3.8/site-packages/numpy/testing/_private/utils.py", line 930, in assert_array_equal
    assert_array_compare(operator.__eq__, x, y, err_msg=err_msg,

  File "/root/anaconda3/envs/tf-48900-buggy/lib/python3.8/site-packages/numpy/testing/_private/utils.py", line 840, in assert_array_compare
    raise AssertionError(msg)

AssertionError: 
Arrays are not equal

not equal where = (array([0, 1]),)
not equal lhs = array([None, None], dtype=object)
not equal rhs = array([3, 3])
Mismatched elements: 2 / 2 (100%)
 x: array([None, None], dtype=object)
 y: array([3, 3])


	 [[node PyFunc (defined at ./Result/tf-48900/tf-48900-original.py:28) ]] [Op:__inference__call_37]

Function call stack:
_call

