Traceback (most recent call last):
  File "tf-31495-original.py", line 16, in <module>
    partitionedCallTest.test_get_temp_export_dir()
  File "tf-31495-original.py", line 12, in test_get_temp_export_dir
    self.assertTrue(expected_1.match(temp_export_dir))
  File "/home/jiangtianjie/anaconda3/envs/tf-gpu-1.14.0/lib/python3.7/unittest/case.py", line 705, in assertTrue
    raise self.failureException(msg)
AssertionError: None is not true