Traceback (most recent call last):
  File "/root/.local/lib/python3.7/site-packages/tensorflow/python/framework/tensor_util.py", line 543, in make_tensor_proto
    str_values = [compat.as_bytes(x) for x in proto_values]
  File "/root/.local/lib/python3.7/site-packages/tensorflow/python/framework/tensor_util.py", line 543, in <listcomp>
    str_values = [compat.as_bytes(x) for x in proto_values]
  File "/root/.local/lib/python3.7/site-packages/tensorflow/python/util/compat.py", line 87, in as_bytes
    (bytes_or_text,))
TypeError: Expected binary or unicode string, got 8

During handling of the above exception, another exception occurred:

Traceback (most recent call last):
  File "./Result/tf-39131/tf-39131-original.py", line 17, in <module>
    fx.test_basic_batchnorm_v2_none_shape_and_virtual_batch_size()
  File "./Result/tf-39131/tf-39131-original.py", line 13, in test_basic_batchnorm_v2_none_shape_and_virtual_batch_size
    norm(inp)
  File "/root/.local/lib/python3.7/site-packages/tensorflow/python/keras/engine/base_layer.py", line 936, in __call__
    outputs = call_fn(cast_inputs, *args, **kwargs)
  File "/root/.local/lib/python3.7/site-packages/tensorflow/python/keras/layers/normalization.py", line 743, in call
    inputs = array_ops.reshape(inputs, expanded_shape)
  File "/root/.local/lib/python3.7/site-packages/tensorflow/python/ops/array_ops.py", line 193, in reshape
    result = gen_array_ops.reshape(tensor, shape, name)
  File "/root/.local/lib/python3.7/site-packages/tensorflow/python/ops/gen_array_ops.py", line 8171, in reshape
    "Reshape", tensor=tensor, shape=shape, name=name)
  File "/root/.local/lib/python3.7/site-packages/tensorflow/python/framework/op_def_library.py", line 473, in _apply_op_helper
    raise err
  File "/root/.local/lib/python3.7/site-packages/tensorflow/python/framework/op_def_library.py", line 470, in _apply_op_helper
    preferred_dtype=default_dtype)
  File "/root/.local/lib/python3.7/site-packages/tensorflow/python/framework/ops.py", line 1490, in convert_to_tensor
    ret = conversion_func(value, dtype=dtype, name=name, as_ref=as_ref)
  File "/root/.local/lib/python3.7/site-packages/tensorflow/python/framework/constant_op.py", line 328, in _constant_tensor_conversion_function
    return constant(v, dtype=dtype, name=name)
  File "/root/.local/lib/python3.7/site-packages/tensorflow/python/framework/constant_op.py", line 263, in constant
    allow_broadcast=True)
  File "/root/.local/lib/python3.7/site-packages/tensorflow/python/framework/constant_op.py", line 301, in _constant_impl
    allow_broadcast=allow_broadcast))
  File "/root/.local/lib/python3.7/site-packages/tensorflow/python/framework/tensor_util.py", line 547, in make_tensor_proto
    "supported type." % (type(values), values))
TypeError: Failed to convert object of type <class 'list'> to Tensor. Contents: [8, -1, None, None, 3]. Consider casting elements to a supported type.
